Middleware:2026-05-15 19:53:55,304:INFO:Closing server
Middleware:2026-05-15 19:53:58,685:INFO:Starting server
Middleware:2026-05-15 19:54:46,307:INFO:POST /auth/login status=200  0.310s
Middleware:2026-05-15 19:55:54,525:INFO:Closing server
Middleware:2026-05-15 19:55:59,246:INFO:Starting server
Middleware:2026-05-17 11:53:19,245:INFO:Starting server
Middleware:2026-05-17 11:53:19,437:INFO:GET / status=200 duration= 0.001s
Middleware:2026-05-17 11:53:20,635:INFO:GET /favicon.ico status=404 duration= 0.000s
Middleware:2026-05-17 11:53:21,868:INFO:GET /docs status=200 duration= 0.000s
Middleware:2026-05-17 11:53:22,681:INFO:GET /openapi.json status=200 duration= 0.197s
Middleware:2026-05-17 12:44:23,259:INFO:Closing server
Middleware:2026-05-17 12:44:26,890:INFO:Starting server
Middleware:2026-05-17 12:44:31,338:INFO:Closing server
Middleware:2026-05-17 12:44:33,930:INFO:Starting server
Middleware:2026-05-17 12:44:35,648:INFO:Closing server
Middleware:2026-05-17 17:46:59,115:INFO:Starting server
Middleware:2026-05-17 18:06:20,198:INFO:Closing server
Middleware:2026-05-17 18:06:22,988:INFO:Starting server
Middleware:2026-05-17 18:06:23,104:INFO:Closing server
Middleware:2026-05-17 18:06:25,693:INFO:Starting server
Middleware:2026-05-17 18:34:53,021:INFO:Closing server
Middleware:2026-05-17 18:41:00,027:INFO:Starting server
Middleware:2026-05-17 18:41:03,010:INFO:Closing server
Middleware:2026-05-17 18:41:06,736:INFO:Starting server
Middleware:2026-05-17 18:41:20,201:INFO:Closing server
Middleware:2026-05-17 18:41:24,099:INFO:Starting server
Middleware:2026-05-17 18:41:24,207:INFO:Closing server
Middleware:2026-05-17 18:41:27,597:INFO:Starting server
Middleware:2026-05-17 20:05:59,294:INFO:Closing server
Middleware:2026-05-17 20:06:02,867:INFO:Starting server
Middleware:2026-05-17 20:06:02,978:INFO:Closing server
Middleware:2026-05-17 20:06:05,760:INFO:Starting server
Middleware:2026-05-17 20:06:10,624:INFO:Closing server
Middleware:2026-05-17 20:07:06,350:INFO:Starting server
Middleware:2026-05-17 20:07:08,055:INFO:Closing server
Middleware:2026-05-17 20:07:15,719:INFO:Starting server
Middleware:2026-05-17 20:07:17,469:INFO:Closing server
Middleware:2026-05-17 20:07:43,971:INFO:Starting server
Middleware:2026-05-17 20:07:44,073:INFO:Closing server
Middleware:2026-05-17 20:07:47,019:INFO:Starting server
Middleware:2026-05-17 20:07:54,092:INFO:Closing server
Middleware:2026-05-17 20:08:04,238:INFO:Starting server
Middleware:2026-05-17 20:08:04,783:INFO:Closing server
Middleware:2026-05-17 20:08:07,490:INFO:Starting server
Middleware:2026-05-17 20:08:07,594:INFO:Closing server
Middleware:2026-05-17 20:08:10,274:INFO:Starting server
Middleware:2026-05-17 20:08:10,386:INFO:Closing server
Middleware:2026-05-17 20:11:06,785:INFO:Starting server
Middleware:2026-05-17 20:11:17,806:INFO:Closing server
Middleware:2026-05-17 20:11:20,751:INFO:Starting server
Middleware:2026-05-17 20:11:22,568:INFO:Closing server
Middleware:2026-05-17 20:11:25,601:INFO:Starting server
Middleware:2026-05-17 20:11:28,162:INFO:Closing server
Middleware:2026-05-17 20:11:30,821:INFO:Starting server
Middleware:2026-05-17 20:11:38,707:INFO:Closing server
Middleware:2026-05-17 20:11:41,677:INFO:Starting server
Middleware:2026-05-17 20:11:41,889:INFO:Closing server
Middleware:2026-05-17 20:11:44,861:INFO:Starting server
Middleware:2026-05-17 20:11:48,955:INFO:Closing server
Middleware:2026-05-17 20:11:51,738:INFO:Starting server
Middleware:2026-05-17 20:11:51,839:INFO:Closing server
Middleware:2026-05-17 20:11:54,882:INFO:Starting server
Middleware:2026-05-17 20:11:58,314:INFO:Closing server
Middleware:2026-05-17 20:12:01,002:INFO:Starting server
Middleware:2026-05-17 20:12:26,826:INFO:Closing server
Middleware:2026-05-17 20:12:29,654:INFO:Starting server
Middleware:2026-05-17 20:12:32,910:INFO:Closing server
Middleware:2026-05-17 20:12:35,724:INFO:Starting server
Middleware:2026-05-17 20:12:35,831:INFO:Closing server
Middleware:2026-05-17 20:12:38,467:INFO:Starting server
Middleware:2026-05-17 20:27:55,622:INFO:Closing server
Middleware:2026-05-17 20:27:58,420:INFO:Starting server
Middleware:2026-05-17 20:27:58,526:INFO:Closing server
Middleware:2026-05-17 20:28:01,150:INFO:Starting server
Middleware:2026-05-17 20:28:08,173:INFO:Closing server
Middleware:2026-05-17 20:28:10,795:INFO:Starting server
Middleware:2026-05-17 20:28:25,879:INFO:Closing server
Middleware:2026-05-17 20:28:39,880:INFO:Starting server
Middleware:2026-05-17 20:28:41,184:INFO:Closing server
Middleware:2026-05-17 20:28:45,909:INFO:Starting server
Middleware:2026-05-17 20:28:46,022:INFO:Closing server
Middleware:2026-05-17 20:28:48,699:INFO:Starting server
Middleware:2026-05-17 20:28:48,807:INFO:Closing server
Middleware:2026-05-17 20:28:51,659:INFO:Starting server
Middleware:2026-05-17 20:28:52,204:INFO:Closing server
Middleware:2026-05-17 20:28:54,891:INFO:Starting server
Middleware:2026-05-17 20:28:58,810:INFO:Closing server
Middleware:2026-05-17 20:29:29,129:INFO:Starting server
Middleware:2026-05-17 20:29:29,680:INFO:Closing server
Middleware:2026-05-17 20:29:32,328:INFO:Starting server
Middleware:2026-05-17 20:29:35,138:INFO:Closing server
Middleware:2026-05-17 20:29:41,507:INFO:Starting server
Middleware:2026-05-17 20:29:55,701:INFO:Closing server
Middleware:2026-05-17 20:29:58,511:INFO:Starting server
Middleware:2026-05-17 20:30:02,680:INFO:Closing server
Middleware:2026-05-17 20:30:05,336:INFO:Starting server
Middleware:2026-05-17 20:30:05,443:INFO:Closing server
Middleware:2026-05-17 20:30:08,307:INFO:Starting server
Middleware:2026-05-17 20:30:10,141:INFO:Closing server
Middleware:2026-05-17 20:30:18,639:INFO:Starting server
Middleware:2026-05-17 20:30:20,466:INFO:Closing server
Middleware:2026-05-17 21:21:19,805:INFO:Starting server
Middleware:2026-05-17 21:21:30,893:INFO:Closing server
Middleware:2026-05-17 21:21:40,406:INFO:Starting server
Middleware:2026-05-17 21:21:40,522:INFO:Closing server
Middleware:2026-05-17 21:21:44,303:INFO:Starting server
Middleware:2026-05-17 21:26:50,991:INFO:Closing server
Middleware:2026-05-17 21:26:55,194:INFO:Starting server
Middleware:2026-05-17 21:26:55,305:INFO:Closing server
Middleware:2026-05-17 21:27:40,734:INFO:Starting server
Middleware:2026-05-17 21:27:40,846:INFO:Closing server
Middleware:2026-05-17 21:27:47,210:INFO:Starting server
Middleware:2026-05-17 21:27:49,331:INFO:Closing server
Middleware:2026-05-17 21:27:53,810:INFO:Starting server
Middleware:2026-05-17 21:28:00,988:INFO:Closing server
Middleware:2026-05-17 21:28:08,121:INFO:Starting server
Middleware:2026-05-17 21:28:09,326:INFO:Closing server
Middleware:2026-05-17 21:28:13,128:INFO:Starting server
Middleware:2026-05-17 21:28:16,640:INFO:Closing server
Middleware:2026-05-17 21:28:42,629:INFO:Starting server
Middleware:2026-05-17 21:28:42,734:INFO:Closing server
Middleware:2026-05-17 21:28:46,193:INFO:Starting server
Middleware:2026-05-17 21:28:46,746:INFO:Closing server
Middleware:2026-05-17 21:28:57,726:INFO:Starting server
Middleware:2026-05-17 21:28:59,572:INFO:Closing server
Middleware:2026-05-17 21:29:05,962:INFO:Starting server
Middleware:2026-05-17 21:29:08,120:INFO:Closing server
Middleware:2026-05-17 21:29:12,307:INFO:Starting server
Middleware:2026-05-17 21:29:12,414:INFO:Closing server
Middleware:2026-05-17 21:34:06,094:INFO:Starting server
Middleware:2026-05-17 21:34:06,726:INFO:Closing server
Middleware:2026-05-17 21:34:10,993:INFO:Starting server
Middleware:2026-05-17 21:34:12,082:INFO:Closing server
Middleware:2026-05-17 21:34:15,907:INFO:Starting server
Middleware:2026-05-17 21:34:16,013:INFO:Closing server
Middleware:2026-05-17 21:34:19,093:INFO:Starting server
Middleware:2026-05-17 21:34:19,426:INFO:Closing server
Middleware:2026-05-17 21:34:23,187:INFO:Starting server
Middleware:2026-05-17 21:34:32,231:INFO:Closing server
Middleware:2026-05-17 21:34:48,413:INFO:Starting server
Middleware:2026-05-17 21:34:48,528:INFO:Closing server
Middleware:2026-05-17 21:34:51,599:INFO:Starting server
Middleware:2026-05-17 21:34:51,704:INFO:Closing server
Middleware:2026-05-17 21:34:54,947:INFO:Starting server
Middleware:2026-05-17 21:34:56,006:INFO:Closing server
Middleware:2026-05-17 21:35:02,093:INFO:Starting server
Middleware:2026-05-17 21:35:03,720:INFO:Closing server
Middleware:2026-05-17 21:35:07,709:INFO:Starting server
Middleware:2026-05-17 21:35:31,223:INFO:Closing server
Middleware:2026-05-17 21:35:36,243:INFO:Starting server
Middleware:2026-05-17 21:35:37,448:INFO:Closing server
Middleware:2026-05-18 12:40:52,048:INFO:Starting server
Middleware:2026-05-18 12:50:56,250:INFO:Closing server
Middleware:2026-05-18 12:51:00,382:INFO:Starting server
Middleware:2026-05-18 12:51:00,489:INFO:Closing server
Middleware:2026-05-18 12:51:03,048:INFO:Starting server
Middleware:2026-05-18 12:51:07,376:INFO:Closing server
Middleware:2026-05-18 12:51:09,950:INFO:Starting server
Middleware:2026-05-18 12:51:21,818:INFO:Closing server
Middleware:2026-05-18 12:51:24,543:INFO:Starting server
Middleware:2026-05-18 12:51:26,567:INFO:Closing server
Middleware:2026-05-18 12:51:29,348:INFO:Starting server
Middleware:2026-05-18 12:51:29,459:INFO:Closing server
Middleware:2026-05-18 12:51:32,290:INFO:Starting server
Middleware:2026-05-18 12:51:32,507:INFO:Closing server
Middleware:2026-05-18 12:51:35,281:INFO:Starting server
Middleware:2026-05-18 12:51:36,591:INFO:Closing server
Middleware:2026-05-18 12:51:39,373:INFO:Starting server
Middleware:2026-05-18 12:51:40,681:INFO:Closing server
Middleware:2026-05-18 12:51:43,290:INFO:Starting server
Middleware:2026-05-18 12:51:45,449:INFO:Closing server
Middleware:2026-05-18 12:51:48,064:INFO:Starting server
Middleware:2026-05-18 12:51:50,445:INFO:Closing server
Middleware:2026-05-18 12:51:53,158:INFO:Starting server
Middleware:2026-05-18 12:51:53,263:INFO:Closing server
Middleware:2026-05-18 12:51:55,912:INFO:Starting server
Middleware:2026-05-18 12:51:56,020:INFO:Closing server
Middleware:2026-05-18 12:51:58,821:INFO:Starting server
Middleware:2026-05-18 12:51:58,922:INFO:Closing server
Middleware:2026-05-18 12:52:01,651:INFO:Starting server
Middleware:2026-05-18 12:52:01,766:INFO:Closing server
Middleware:2026-05-18 12:52:04,409:INFO:Starting server
Middleware:2026-05-18 12:52:04,510:INFO:Closing server
Middleware:2026-05-18 12:52:07,138:INFO:Starting server
Middleware:2026-05-18 12:52:07,246:INFO:Closing server
Middleware:2026-05-18 12:52:09,791:INFO:Starting server
Middleware:2026-05-18 12:52:15,864:INFO:Closing server
Middleware:2026-05-18 12:52:56,728:INFO:Starting server
Middleware:2026-05-18 12:52:58,359:INFO:Closing server
Middleware:2026-05-18 12:53:01,046:INFO:Starting server
Middleware:2026-05-18 12:53:07,382:INFO:Closing server
Middleware:2026-05-18 12:53:10,116:INFO:Starting server
Middleware:2026-05-18 12:53:11,623:INFO:Closing server
Middleware:2026-05-18 12:53:14,192:INFO:Starting server
Middleware:2026-05-18 12:53:23,419:INFO:Closing server
Middleware:2026-05-18 12:53:26,118:INFO:Starting server
Middleware:2026-05-18 12:53:40,319:INFO:Closing server
Middleware:2026-05-18 12:53:42,894:INFO:Starting server
Middleware:2026-05-18 12:54:45,466:INFO:Closing server
Middleware:2026-05-18 12:54:48,118:INFO:Starting server
Middleware:2026-05-18 12:54:51,961:INFO:Closing server
Middleware:2026-05-18 12:54:54,601:INFO:Starting server
Middleware:2026-05-18 12:55:24,404:INFO:Closing server
Middleware:2026-05-18 12:55:27,122:INFO:Starting server
Middleware:2026-05-18 12:55:27,227:INFO:Closing server
Middleware:2026-05-18 12:55:29,674:INFO:Starting server
Middleware:2026-05-18 12:55:35,414:INFO:Closing server
Middleware:2026-05-18 12:55:38,056:INFO:Starting server
Middleware:2026-05-18 12:55:39,679:INFO:Closing server
Middleware:2026-05-18 12:55:42,210:INFO:Starting server
Middleware:2026-05-18 12:55:55,520:INFO:Closing server
Middleware:2026-05-18 12:55:58,222:INFO:Starting server
Middleware:2026-05-18 12:55:58,332:INFO:Closing server
Middleware:2026-05-18 12:56:01,167:INFO:Starting server
Middleware:2026-05-18 12:56:01,598:INFO:Closing server
Middleware:2026-05-18 12:56:04,261:INFO:Starting server
Middleware:2026-05-18 12:56:07,939:INFO:Closing server
Middleware:2026-05-18 12:56:10,586:INFO:Starting server
Middleware:2026-05-18 12:56:43,410:INFO:Closing server
Middleware:2026-05-18 12:56:46,113:INFO:Starting server
Middleware:2026-05-18 12:56:48,182:INFO:Closing server
Middleware:2026-05-18 12:56:50,781:INFO:Starting server
Middleware:2026-05-18 12:56:51,330:INFO:Closing server
Middleware:2026-05-18 12:56:54,096:INFO:Starting server
Middleware:2026-05-18 12:56:54,208:INFO:Closing server
Middleware:2026-05-18 12:56:56,915:INFO:Starting server
Middleware:2026-05-18 12:56:57,684:INFO:Closing server
Middleware:2026-05-18 12:57:00,371:INFO:Starting server
Middleware:2026-05-18 12:57:03,645:INFO:Closing server
Middleware:2026-05-18 12:57:06,452:INFO:Starting server
Middleware:2026-05-18 12:57:06,664:INFO:Closing server
Middleware:2026-05-18 12:57:09,222:INFO:Starting server
Middleware:2026-05-18 12:57:19,814:INFO:Closing server
Middleware:2026-05-18 12:57:22,680:INFO:Starting server
Middleware:2026-05-18 12:57:23,322:INFO:Closing server
Middleware:2026-05-18 12:57:25,908:INFO:Starting server
Middleware:2026-05-18 12:57:33,679:INFO:Closing server
Middleware:2026-05-18 12:57:36,236:INFO:Starting server
Middleware:2026-05-18 12:58:16,879:INFO:Closing server
Middleware:2026-05-18 12:58:19,589:INFO:Starting server
Middleware:2026-05-18 12:58:21,660:INFO:Closing server
Middleware:2026-05-18 12:58:24,597:INFO:Starting server
Middleware:2026-05-18 12:58:24,908:INFO:Closing server
Middleware:2026-05-18 12:58:27,486:INFO:Starting server
Middleware:2026-05-18 12:59:44,330:INFO:Closing server
Middleware:2026-05-18 12:59:47,167:INFO:Starting server
Middleware:2026-05-18 12:59:47,279:INFO:Closing server
Middleware:2026-05-18 12:59:49,890:INFO:Starting server
Middleware:2026-05-18 12:59:52,341:INFO:Closing server
Middleware:2026-05-18 12:59:55,043:INFO:Starting server
Middleware:2026-05-18 13:01:19,713:INFO:Closing server
Middleware:2026-05-18 13:01:22,401:INFO:Starting server
Middleware:2026-05-18 13:01:22,624:INFO:Closing server
Middleware:2026-05-18 13:01:25,103:INFO:Starting server
Middleware:2026-05-18 13:01:50,612:INFO:Closing server
Middleware:2026-05-18 13:01:53,189:INFO:Starting server
Middleware:2026-05-18 13:02:13,359:INFO:Closing server
Middleware:2026-05-18 13:02:15,923:INFO:Starting server
Middleware:2026-05-18 13:02:18,646:INFO:Closing server
Middleware:2026-05-18 13:02:21,244:INFO:Starting server
Middleware:2026-05-18 13:02:21,349:INFO:Closing server
Middleware:2026-05-18 13:02:24,123:INFO:Starting server
Middleware:2026-05-18 13:02:24,229:INFO:Closing server
Middleware:2026-05-18 13:02:27,275:INFO:Starting server
Middleware:2026-05-18 13:02:27,378:INFO:Closing server
Middleware:2026-05-18 13:02:30,193:INFO:Starting server
Middleware:2026-05-18 13:02:30,416:INFO:Closing server
Middleware:2026-05-18 13:02:33,325:INFO:Starting server
Middleware:2026-05-18 13:02:36,127:INFO:Closing server
Middleware:2026-05-18 13:02:39,021:INFO:Starting server
Middleware:2026-05-18 13:02:39,129:INFO:Closing server
Middleware:2026-05-18 13:02:41,865:INFO:Starting server
Middleware:2026-05-18 13:02:42,501:INFO:Closing server
Middleware:2026-05-18 13:02:45,198:INFO:Starting server
Middleware:2026-05-18 13:02:45,299:INFO:Closing server
Middleware:2026-05-18 13:02:47,878:INFO:Starting server
Middleware:2026-05-18 13:02:51,782:INFO:Closing server
Middleware:2026-05-18 13:02:57,491:INFO:Starting server
Middleware:2026-05-18 13:02:57,595:INFO:Closing server
Middleware:2026-05-18 13:03:00,148:INFO:Starting server
Middleware:2026-05-18 13:03:04,905:INFO:Closing server
Middleware:2026-05-18 13:03:07,645:INFO:Starting server
Middleware:2026-05-18 13:03:07,748:INFO:Closing server
Middleware:2026-05-18 13:03:10,526:INFO:Starting server
Middleware:2026-05-18 13:03:11,298:INFO:Closing server
Middleware:2026-05-18 13:03:13,863:INFO:Starting server
Middleware:2026-05-18 13:03:22,011:INFO:Closing server
Middleware:2026-05-18 13:03:24,687:INFO:Starting server
Middleware:2026-05-18 13:03:28,039:INFO:Closing server
Middleware:2026-05-18 13:03:30,727:INFO:Starting server
Middleware:2026-05-18 13:03:32,695:INFO:Closing server
Middleware:2026-05-18 13:03:35,298:INFO:Starting server
Middleware:2026-05-18 13:51:09,950:INFO:Closing server
Middleware:2026-05-18 13:51:14,359:INFO:Starting server
Middleware:2026-05-18 13:51:14,466:INFO:Closing server
Middleware:2026-05-18 13:51:18,438:INFO:Starting server
Middleware:2026-05-18 13:51:18,544:INFO:Closing server
Middleware:2026-05-18 13:51:21,905:INFO:Starting server
Middleware:2026-05-18 13:51:24,746:INFO:Closing server
Middleware:2026-05-18 13:52:54,376:INFO:Starting server
Middleware:2026-05-18 13:52:54,478:INFO:Closing server
Middleware:2026-05-18 13:52:58,100:INFO:Starting server
Middleware:2026-05-18 13:54:37,025:INFO:Closing server
Middleware:2026-05-18 13:54:41,936:INFO:Starting server
Middleware:2026-05-18 13:54:43,801:INFO:Closing server
Middleware:2026-05-18 13:54:47,653:INFO:Starting server
Middleware:2026-05-18 13:54:51,765:INFO:Closing server
Middleware:2026-05-18 13:55:12,027:INFO:Starting server
Middleware:2026-05-18 13:55:15,187:INFO:Closing server
Middleware:2026-05-18 13:55:18,927:INFO:Starting server
Middleware:2026-05-18 13:55:59,235:INFO:Closing server
Middleware:2026-05-18 13:56:18,794:INFO:Starting server
Middleware:2026-05-18 13:56:26,103:INFO:Closing server
Middleware:2026-05-18 13:56:30,428:INFO:Starting server
Middleware:2026-05-18 13:58:21,552:INFO:Closing server
Middleware:2026-05-18 13:58:25,370:INFO:Starting server
Middleware:2026-05-18 14:02:14,288:INFO:Closing server
Middleware:2026-05-18 14:18:47,418:INFO:Starting server
Middleware:2026-05-18 14:18:47,525:INFO:Closing server
Middleware:2026-05-18 14:18:50,875:INFO:Starting server
Middleware:2026-05-18 14:19:06,758:INFO:Closing server
Middleware:2026-05-18 14:19:10,087:INFO:Starting server
Middleware:2026-05-18 14:19:10,202:INFO:Closing server
Middleware:2026-05-18 14:19:13,429:INFO:Starting server
Middleware:2026-05-18 14:19:20,105:INFO:Closing server
Middleware:2026-05-18 14:19:34,899:INFO:Starting server
Middleware:2026-05-18 14:19:44,749:INFO:Closing server
Middleware:2026-05-18 14:19:48,156:INFO:Starting server
Middleware:2026-05-18 14:19:49,461:INFO:Closing server
Middleware:2026-05-18 14:19:52,659:INFO:Starting server
Middleware:2026-05-18 14:19:53,414:INFO:Closing server
Middleware:2026-05-18 14:19:57,345:INFO:Starting server
Middleware:2026-05-18 14:19:58,868:INFO:Closing server
Middleware:2026-05-18 14:23:50,567:INFO:Starting server
Middleware:2026-05-18 14:23:52,311:INFO:Closing server
Middleware:2026-05-18 14:23:56,560:INFO:Starting server
Middleware:2026-05-18 14:23:56,664:INFO:Closing server
Middleware:2026-05-18 14:23:59,788:INFO:Starting server
Middleware:2026-05-18 14:23:59,898:INFO:Closing server
Middleware:2026-05-18 14:24:03,063:INFO:Starting server
Middleware:2026-05-18 14:25:12,164:INFO:Closing server
Middleware:2026-05-18 14:25:16,542:INFO:Starting server
Middleware:2026-05-18 14:25:16,661:INFO:Closing server
Middleware:2026-05-18 14:25:20,315:INFO:Starting server
Middleware:2026-05-18 14:25:34,551:INFO:Closing server
Middleware:2026-05-18 14:25:38,899:INFO:Starting server
Middleware:2026-05-18 14:25:39,008:INFO:Closing server
Middleware:2026-05-18 14:25:42,806:INFO:Starting server
Middleware:2026-05-18 14:25:44,077:INFO:Closing server
Middleware:2026-05-18 14:25:48,500:INFO:Starting server
Middleware:2026-05-18 14:25:56,466:INFO:Closing server
Middleware:2026-05-18 14:26:00,247:INFO:Starting server
Middleware:2026-05-18 14:26:00,355:INFO:Closing server
Middleware:2026-05-18 14:26:03,497:INFO:Starting server
Middleware:2026-05-18 14:26:11,814:INFO:Closing server
Middleware:2026-05-18 14:26:15,674:INFO:Starting server
Middleware:2026-05-18 14:32:17,242:INFO:Closing server
Middleware:2026-05-18 14:32:21,120:INFO:Starting server
Middleware:2026-05-18 14:33:45,078:INFO:Closing server
Middleware:2026-05-18 14:33:48,894:INFO:Starting server
Middleware:2026-05-18 14:35:34,580:INFO:Closing server
Middleware:2026-05-18 14:35:59,028:INFO:Starting server
Middleware:2026-05-18 14:36:00,993:INFO:Closing server
Middleware:2026-05-18 14:36:05,497:INFO:Starting server
Middleware:2026-05-18 14:36:15,277:INFO:Closing server
Middleware:2026-05-18 15:40:07,731:INFO:Starting server
Middleware:2026-05-18 15:40:09,380:INFO:Closing server
Middleware:2026-05-18 15:40:12,027:INFO:Starting server
Middleware:2026-05-18 15:40:13,722:INFO:Closing server
Middleware:2026-05-18 15:41:00,251:INFO:Starting server
Middleware:2026-05-18 15:41:58,567:INFO:Closing server
Middleware:2026-05-18 15:42:01,153:INFO:Starting server
Middleware:2026-05-18 16:55:33,686:INFO:Closing server
Middleware:2026-05-18 16:55:55,029:INFO:Starting server
Middleware:2026-05-18 16:55:55,683:INFO:Closing server
Middleware:2026-05-18 16:55:58,450:INFO:Starting server
Middleware:2026-05-18 16:55:59,327:INFO:Closing server
Middleware:2026-05-18 16:56:02,226:INFO:Starting server
Middleware:2026-05-18 16:56:07,135:INFO:Closing server
Middleware:2026-05-18 16:56:20,741:INFO:Starting server
Middleware:2026-05-18 16:56:21,712:INFO:Closing server
Middleware:2026-05-18 16:56:24,281:INFO:Starting server
Middleware:2026-05-18 16:56:27,689:INFO:Closing server
Middleware:2026-05-18 16:56:30,488:INFO:Starting server
Middleware:2026-05-18 16:56:30,604:INFO:Closing server
Middleware:2026-05-18 16:56:33,225:INFO:Starting server
Middleware:2026-05-18 16:56:33,338:INFO:Closing server
Middleware:2026-05-18 16:56:36,226:INFO:Starting server
Middleware:2026-05-18 16:56:40,674:INFO:Closing server
Middleware:2026-05-18 16:56:43,375:INFO:Starting server
Middleware:2026-05-18 16:56:45,448:INFO:Closing server
Middleware:2026-05-18 16:56:48,269:INFO:Starting server
Middleware:2026-05-18 16:57:00,319:INFO:Closing server
Middleware:2026-05-18 16:57:03,006:INFO:Starting server
Middleware:2026-05-18 16:57:04,828:INFO:Closing server
Middleware:2026-05-18 16:57:24,072:INFO:Starting server
Middleware:2026-05-18 16:57:24,173:INFO:Closing server
Middleware:2026-05-18 16:57:26,706:INFO:Starting server
Middleware:2026-05-18 16:57:26,822:INFO:Closing server
Middleware:2026-05-18 16:57:29,411:INFO:Starting server
Middleware:2026-05-18 16:58:12,458:INFO:Closing server
Middleware:2026-05-18 17:16:55,532:INFO:Starting server
Middleware:2026-05-18 17:16:55,634:INFO:Closing server
Middleware:2026-05-18 17:16:58,295:INFO:Starting server
Middleware:2026-05-18 17:16:58,409:INFO:Closing server
Middleware:2026-05-18 17:17:01,062:INFO:Starting server
Middleware:2026-05-18 17:17:01,167:INFO:Closing server
Middleware:2026-05-18 17:17:03,852:INFO:Starting server
Middleware:2026-05-18 17:17:26,632:INFO:Closing server
Middleware:2026-05-18 17:17:29,287:INFO:Starting server
Middleware:2026-05-18 17:17:29,389:INFO:Closing server
Middleware:2026-05-18 17:17:32,050:INFO:Starting server
Middleware:2026-05-18 17:17:32,154:INFO:Closing server
Middleware:2026-05-18 17:17:34,962:INFO:Starting server
Middleware:2026-05-18 17:17:35,077:INFO:Closing server
Middleware:2026-05-18 17:17:52,577:INFO:Starting server
Middleware:2026-05-18 17:17:52,681:INFO:Closing server
Middleware:2026-05-18 17:17:55,196:INFO:Starting server
Middleware:2026-05-18 17:18:02,094:INFO:Closing server
Middleware:2026-05-18 17:19:01,128:INFO:Starting server
Middleware:2026-05-18 18:00:12,238:INFO:Closing server
Middleware:2026-05-18 18:00:15,276:INFO:Starting server
Middleware:2026-05-18 18:00:17,230:INFO:Closing server
Middleware:2026-05-18 18:00:20,186:INFO:Starting server
Middleware:2026-05-18 18:01:04,991:INFO:Closing server
Middleware:2026-05-18 18:01:07,759:INFO:Starting server
Middleware:2026-05-18 18:01:42,976:INFO:Closing server
Middleware:2026-05-18 18:01:45,587:INFO:Starting server
Middleware:2026-05-18 18:01:47,712:INFO:Closing server
Middleware:2026-05-18 18:01:50,481:INFO:Starting server
Middleware:2026-05-18 18:01:50,591:INFO:Closing server
Middleware:2026-05-18 18:01:53,301:INFO:Starting server
Middleware:2026-05-18 18:01:53,412:INFO:Closing server
Middleware:2026-05-18 18:01:58,925:INFO:Starting server
Middleware:2026-05-18 18:01:59,031:INFO:Closing server
Middleware:2026-05-18 18:02:01,696:INFO:Starting server
Middleware:2026-05-18 18:02:06,998:INFO:Closing server
Middleware:2026-05-18 18:02:09,683:INFO:Starting server
Middleware:2026-05-18 18:02:11,108:INFO:Closing server
Middleware:2026-05-18 18:02:13,810:INFO:Starting server
Middleware:2026-05-18 18:02:13,911:INFO:Closing server
Middleware:2026-05-18 18:02:16,492:INFO:Starting server
Middleware:2026-05-18 18:02:16,606:INFO:Closing server
Middleware:2026-05-18 18:02:19,156:INFO:Starting server
Middleware:2026-05-18 18:02:23,612:INFO:Closing server
Middleware:2026-05-18 18:02:26,226:INFO:Starting server
Middleware:2026-05-18 18:02:38,412:INFO:Closing server
Middleware:2026-05-18 18:02:41,172:INFO:Starting server
Middleware:2026-05-18 18:02:41,714:INFO:Closing server
Middleware:2026-05-18 18:02:44,357:INFO:Starting server
Middleware:2026-05-18 18:03:07,717:INFO:Closing server
Middleware:2026-05-18 18:03:10,400:INFO:Starting server
Middleware:2026-05-18 18:03:14,546:INFO:Closing server
Middleware:2026-05-18 18:03:17,161:INFO:Starting server
Middleware:2026-05-18 18:03:17,270:INFO:Closing server
Middleware:2026-05-18 18:03:20,048:INFO:Starting server
Middleware:2026-05-18 18:03:20,158:INFO:Closing server
Middleware:2026-05-18 18:03:22,891:INFO:Starting server
Middleware:2026-05-18 18:03:22,994:INFO:Closing server
Middleware:2026-05-18 18:03:25,720:INFO:Starting server
Middleware:2026-05-18 18:03:32,341:INFO:Closing server
Middleware:2026-05-18 18:03:35,292:INFO:Starting server
Middleware:2026-05-18 18:03:37,727:INFO:Closing server
Middleware:2026-05-18 18:03:40,395:INFO:Starting server
Middleware:2026-05-18 18:03:42,785:INFO:Closing server
Middleware:2026-05-18 18:03:45,350:INFO:Starting server
Middleware:2026-05-18 18:06:21,290:INFO:Closing server
Middleware:2026-05-18 18:06:24,021:INFO:Starting server
Middleware:2026-05-18 18:06:32,081:INFO:Closing server
Middleware:2026-05-18 18:06:34,751:INFO:Starting server
Middleware:2026-05-18 18:06:34,859:INFO:Closing server
Middleware:2026-05-18 18:06:37,656:INFO:Starting server
Middleware:2026-05-18 18:06:37,766:INFO:Closing server
Middleware:2026-05-18 18:06:40,456:INFO:Starting server
Middleware:2026-05-18 18:06:40,568:INFO:Closing server
Middleware:2026-05-18 18:06:46,218:INFO:Starting server
Middleware:2026-05-18 18:06:46,330:INFO:Closing server
Middleware:2026-05-18 18:06:49,278:INFO:Starting server
Middleware:2026-05-18 18:06:50,370:INFO:Closing server
Middleware:2026-05-18 18:06:53,257:INFO:Starting server
Middleware:2026-05-18 18:06:53,805:INFO:Closing server
Middleware:2026-05-18 18:06:56,526:INFO:Starting server
Middleware:2026-05-18 18:07:00,424:INFO:Closing server
Middleware:2026-05-18 18:07:03,401:INFO:Starting server
Middleware:2026-05-18 18:07:04,607:INFO:Closing server
Middleware:2026-05-18 18:07:07,220:INFO:Starting server
Middleware:2026-05-18 18:07:17,409:INFO:Closing server
Middleware:2026-05-18 18:07:20,248:INFO:Starting server
Middleware:2026-05-18 18:07:21,227:INFO:Closing server
Middleware:2026-05-18 18:07:27,012:INFO:Starting server
Middleware:2026-05-18 18:07:27,122:INFO:Closing server
Middleware:2026-05-18 18:07:29,813:INFO:Starting server
Middleware:2026-05-18 18:07:32,597:INFO:Closing server
Middleware:2026-05-18 18:07:35,216:INFO:Starting server
Middleware:2026-05-18 18:07:35,320:INFO:Closing server
Middleware:2026-05-18 18:07:37,781:INFO:Starting server
Middleware:2026-05-18 18:07:39,417:INFO:Closing server
Middleware:2026-05-18 18:07:41,981:INFO:Starting server
Middleware:2026-05-18 18:07:47,837:INFO:Closing server
Middleware:2026-05-18 18:07:50,416:INFO:Starting server
Middleware:2026-05-18 18:08:05,536:INFO:Closing server
Middleware:2026-05-18 18:08:08,336:INFO:Starting server
Middleware:2026-05-18 18:08:12,772:INFO:Closing server
Middleware:2026-05-18 18:08:15,425:INFO:Starting server
Middleware:2026-05-18 18:08:15,528:INFO:Closing server
Middleware:2026-05-18 18:08:18,090:INFO:Starting server
Middleware:2026-05-18 18:08:21,105:INFO:Closing server
Middleware:2026-05-18 18:08:23,831:INFO:Starting server
Middleware:2026-05-18 18:08:23,941:INFO:Closing server
Middleware:2026-05-18 18:08:26,492:INFO:Starting server
Middleware:2026-05-18 18:09:00,527:INFO:Closing server
Middleware:2026-05-18 18:09:03,109:INFO:Starting server
Middleware:2026-05-18 18:09:03,646:INFO:Closing server
Middleware:2026-05-18 19:56:55,853:INFO:Starting server
Middleware:2026-05-18 19:57:02,181:INFO:Closing server
Middleware:2026-05-18 20:26:04,146:INFO:Starting server
Middleware:2026-05-18 20:26:04,250:INFO:Closing server
Middleware:2026-05-18 20:26:07,368:INFO:Starting server
Middleware:2026-05-18 20:26:11,038:INFO:Closing server
Middleware:2026-05-18 20:26:14,825:INFO:Starting server
Middleware:2026-05-18 20:26:23,650:INFO:Closing server
Middleware:2026-05-18 20:26:27,932:INFO:Starting server
Middleware:2026-05-18 20:26:31,523:INFO:Closing server
Middleware:2026-05-18 20:26:35,685:INFO:Starting server
Middleware:2026-05-18 20:26:35,795:INFO:Closing server
Middleware:2026-05-18 20:26:39,416:INFO:Starting server
Middleware:2026-05-18 20:26:49,916:INFO:Closing server
Middleware:2026-05-18 20:27:00,979:INFO:Starting server
Middleware:2026-05-18 20:27:01,083:INFO:Closing server
Middleware:2026-05-18 20:27:10,805:INFO:Starting server
Middleware:2026-05-18 20:27:15,943:INFO:Closing server
Middleware:2026-05-18 20:27:19,827:INFO:Starting server
Middleware:2026-05-18 20:27:19,938:INFO:Closing server
Middleware:2026-05-18 20:27:23,328:INFO:Starting server
Middleware:2026-05-18 20:27:23,438:INFO:Closing server
Middleware:2026-05-18 20:27:28,072:INFO:Starting server
Middleware:2026-05-18 20:27:28,950:INFO:Closing server
Middleware:2026-05-18 20:27:35,813:INFO:Starting server
Middleware:2026-05-18 20:27:47,935:INFO:Closing server
Middleware:2026-05-18 20:27:52,042:INFO:Starting server
Middleware:2026-05-18 20:27:52,147:INFO:Closing server
Middleware:2026-05-18 20:27:55,796:INFO:Starting server
Middleware:2026-05-18 20:28:41,388:INFO:Closing server
Middleware:2026-05-18 20:28:48,736:INFO:Starting server
Middleware:2026-05-18 20:28:48,843:INFO:Closing server
Middleware:2026-05-18 20:28:52,065:INFO:Starting server
Middleware:2026-05-18 20:28:59,756:INFO:Closing server
Middleware:2026-05-18 20:29:03,740:INFO:Starting server
Middleware:2026-05-18 20:29:13,531:INFO:Closing server
Middleware:2026-05-18 20:29:28,175:INFO:Starting server
Middleware:2026-05-18 20:29:28,291:INFO:Closing server
Middleware:2026-05-18 20:29:32,173:INFO:Starting server
Middleware:2026-05-18 20:29:32,281:INFO:Closing server
Middleware:2026-05-18 20:29:36,171:INFO:Starting server
Middleware:2026-05-18 20:29:45,574:INFO:Closing server
Middleware:2026-05-18 20:29:53,599:INFO:Starting server
Middleware:2026-05-18 20:29:53,701:INFO:Closing server
Middleware:2026-05-18 20:29:56,971:INFO:Starting server
Middleware:2026-05-18 20:29:57,412:INFO:Closing server
Middleware:2026-05-18 20:30:01,402:INFO:Starting server
Middleware:2026-05-18 20:30:04,351:INFO:Closing server
Middleware:2026-05-18 20:30:12,163:INFO:Starting server
Middleware:2026-05-18 20:30:12,267:INFO:Closing server
Middleware:2026-05-18 20:30:16,032:INFO:Starting server
Middleware:2026-05-18 20:30:16,797:INFO:Closing server
Middleware:2026-05-18 20:30:20,846:INFO:Starting server
Middleware:2026-05-18 20:30:20,953:INFO:Closing server
Middleware:2026-05-18 20:30:25,019:INFO:Starting server
Middleware:2026-05-18 20:30:25,120:INFO:Closing server
Middleware:2026-05-18 20:30:28,542:INFO:Starting server
Middleware:2026-05-18 20:30:28,645:INFO:Closing server
Middleware:2026-05-18 20:30:31,742:INFO:Starting server
Middleware:2026-05-18 21:03:18,916:INFO:Closing server
Middleware:2026-05-18 21:03:23,001:INFO:Starting server
Middleware:2026-05-18 21:03:23,105:INFO:Closing server
Middleware:2026-05-18 21:03:27,112:INFO:Starting server
Middleware:2026-05-18 21:03:38,562:INFO:Closing server
Middleware:2026-05-18 21:03:41,675:INFO:Starting server
Middleware:2026-05-18 21:03:41,779:INFO:Closing server
Middleware:2026-05-18 21:03:44,932:INFO:Starting server
Middleware:2026-05-18 21:50:35,229:INFO:Closing server
Middleware:2026-05-18 21:50:37,948:INFO:Starting server
Middleware:2026-05-18 21:50:40,629:INFO:Closing server
Middleware:2026-05-18 21:50:43,513:INFO:Starting server
Middleware:2026-05-18 21:50:48,133:INFO:Closing server
Middleware:2026-05-18 21:50:53,665:INFO:Starting server
Middleware:2026-05-18 21:50:53,768:INFO:Closing server
Middleware:2026-05-18 21:50:56,511:INFO:Starting server
Middleware:2026-05-18 21:50:56,626:INFO:Closing server
Middleware:2026-05-18 21:50:59,562:INFO:Starting server
Middleware:2026-05-18 21:50:59,666:INFO:Closing server
Middleware:2026-05-18 21:51:22,278:INFO:Starting server
Middleware:2026-05-18 21:51:22,503:INFO:Closing server
Middleware:2026-05-18 21:51:25,055:INFO:Starting server
Middleware:2026-05-18 21:51:28,222:INFO:Closing server
Middleware:2026-05-18 21:51:30,855:INFO:Starting server
Middleware:2026-05-18 21:51:31,509:INFO:Closing server
Middleware:2026-05-18 21:51:34,330:INFO:Starting server
Middleware:2026-05-18 21:51:34,432:INFO:Closing server
Middleware:2026-05-18 21:51:37,337:INFO:Starting server
Middleware:2026-05-18 21:51:37,440:INFO:Closing server
Middleware:2026-05-18 21:51:40,159:INFO:Starting server
Middleware:2026-05-18 21:51:40,260:INFO:Closing server
Middleware:2026-05-18 21:51:45,926:INFO:Starting server
Middleware:2026-05-18 21:51:46,031:INFO:Closing server
Middleware:2026-05-18 21:51:48,717:INFO:Starting server
Middleware:2026-05-18 21:51:48,819:INFO:Closing server
Middleware:2026-05-18 21:51:51,562:INFO:Starting server
Middleware:2026-05-18 21:51:51,667:INFO:Closing server
Middleware:2026-05-18 21:51:54,583:INFO:Starting server
Middleware:2026-05-18 21:51:54,693:INFO:Closing server
Middleware:2026-05-18 21:51:57,466:INFO:Starting server
Middleware:2026-05-18 21:51:57,567:INFO:Closing server
Middleware:2026-05-18 21:52:00,168:INFO:Starting server
Middleware:2026-05-18 21:52:00,700:INFO:Closing server
Middleware:2026-05-18 21:52:03,435:INFO:Starting server
Middleware:2026-05-18 21:52:09,566:INFO:Closing server
Middleware:2026-05-18 21:52:33,265:INFO:Starting server
Middleware:2026-05-18 21:52:35,322:INFO:Closing server
Middleware:2026-05-18 21:53:09,213:INFO:Starting server
Middleware:2026-05-18 21:53:16,682:INFO:Closing server
Middleware:2026-05-18 21:53:23,767:INFO:Starting server
Middleware:2026-05-18 21:53:29,155:INFO:Closing server
Middleware:2026-05-18 21:53:31,831:INFO:Starting server
Middleware:2026-05-18 21:53:36,203:INFO:Closing server
Middleware:2026-05-18 21:53:39,005:INFO:Starting server
Middleware:2026-05-18 21:53:39,119:INFO:Closing server
Middleware:2026-05-18 21:53:41,865:INFO:Starting server
Middleware:2026-05-18 21:53:41,974:INFO:Closing server
Middleware:2026-05-18 21:53:44,558:INFO:Starting server
Middleware:2026-05-18 21:53:44,661:INFO:Closing server
Middleware:2026-05-18 21:53:47,350:INFO:Starting server
Middleware:2026-05-18 21:57:07,563:INFO:Closing server
Middleware:2026-05-18 21:57:22,253:INFO:Starting server
Middleware:2026-05-18 21:57:22,365:INFO:Closing server
Middleware:2026-05-18 21:57:28,036:INFO:Starting server
Middleware:2026-05-18 21:57:28,143:INFO:Closing server
Middleware:2026-05-18 21:57:33,913:INFO:Starting server
Middleware:2026-05-18 21:57:34,026:INFO:Closing server
Middleware:2026-05-18 21:57:36,830:INFO:Starting server
Middleware:2026-05-18 21:57:36,941:INFO:Closing server
Middleware:2026-05-18 21:57:39,546:INFO:Starting server
Middleware:2026-05-18 21:57:41,383:INFO:Closing server
Middleware:2026-05-18 21:57:44,187:INFO:Starting server
Middleware:2026-05-18 21:57:53,069:INFO:Closing server
Middleware:2026-05-18 22:05:18,475:INFO:Starting server
Middleware:2026-05-18 22:05:20,883:INFO:Closing server
Middleware:2026-05-18 22:05:33,787:INFO:Starting server
Middleware:2026-05-18 22:05:36,928:INFO:Closing server
Middleware:2026-05-18 22:05:39,621:INFO:Starting server
Middleware:2026-05-18 22:05:41,017:INFO:Closing server
Middleware:2026-05-18 22:05:43,643:INFO:Starting server
Middleware:2026-05-18 22:05:45,483:INFO:Closing server
Middleware:2026-05-18 22:05:48,387:INFO:Starting server
Middleware:2026-05-18 22:05:48,934:INFO:Closing server
Middleware:2026-05-18 22:05:57,824:INFO:Starting server
Middleware:2026-05-18 22:05:57,936:INFO:Closing server
Middleware:2026-05-18 22:06:00,768:INFO:Starting server
Middleware:2026-05-18 22:06:00,870:INFO:Closing server
Middleware:2026-05-18 22:06:04,121:INFO:Starting server
Middleware:2026-05-18 22:06:04,235:INFO:Closing server
Middleware:2026-05-18 22:06:34,273:INFO:Starting server
Middleware:2026-05-18 22:06:36,118:INFO:Closing server
Middleware:2026-05-18 22:06:38,748:INFO:Starting server
Middleware:2026-05-18 22:06:56,264:INFO:Closing server
Middleware:2026-05-18 22:06:59,123:INFO:Starting server
Middleware:2026-05-18 22:06:59,231:INFO:Closing server
Middleware:2026-05-18 22:07:02,001:INFO:Starting server
Middleware:2026-05-18 22:07:02,102:INFO:Closing server
Middleware:2026-05-18 22:07:04,768:INFO:Starting server
Middleware:2026-05-18 22:07:16,025:INFO:Closing server
Middleware:2026-05-18 22:07:19,063:INFO:Starting server
Middleware:2026-05-18 22:07:23,836:INFO:Closing server
Middleware:2026-05-18 22:07:26,776:INFO:Starting server
Middleware:2026-05-18 22:07:32,202:INFO:Closing server
Middleware:2026-05-18 22:07:35,229:INFO:Starting server
Middleware:2026-05-18 22:07:37,285:INFO:Closing server
Middleware:2026-05-18 22:07:45,948:INFO:Starting server
Middleware:2026-05-18 22:07:46,062:INFO:Closing server
Middleware:2026-05-18 22:07:48,685:INFO:Starting server
Middleware:2026-05-18 22:08:02,693:INFO:Closing server
Middleware:2026-05-18 22:08:09,053:INFO:Starting server
Middleware:2026-05-18 22:08:11,839:INFO:Closing server
Middleware:2026-05-18 22:08:14,675:INFO:Starting server
Middleware:2026-05-18 22:08:15,978:INFO:Closing server
Middleware:2026-05-18 22:08:54,243:INFO:Starting server
Middleware:2026-05-18 22:08:54,350:INFO:Closing server
Middleware:2026-05-18 22:08:57,000:INFO:Starting server
Middleware:2026-05-18 22:08:57,438:INFO:Closing server
Middleware:2026-05-18 22:09:00,173:INFO:Starting server
Middleware:2026-05-18 22:09:00,279:INFO:Closing server
Middleware:2026-05-18 22:09:03,071:INFO:Starting server
Middleware:2026-05-18 22:09:03,182:INFO:Closing server
Middleware:2026-05-18 22:09:06,022:INFO:Starting server
Middleware:2026-05-18 22:09:06,123:INFO:Closing server
Middleware:2026-05-18 22:09:08,864:INFO:Starting server
Middleware:2026-05-18 22:09:08,978:INFO:Closing server
Middleware:2026-05-18 22:09:11,774:INFO:Starting server
Middleware:2026-05-18 22:09:11,879:INFO:Closing server
Middleware:2026-05-18 22:09:14,491:INFO:Starting server
Middleware:2026-05-18 22:09:14,600:INFO:Closing server
Middleware:2026-05-18 22:09:17,329:INFO:Starting server
Middleware:2026-05-18 22:09:18,285:INFO:Closing server
Middleware:2026-05-18 22:09:39,144:INFO:Starting server
Middleware:2026-05-18 22:09:42,117:INFO:Closing server
Middleware:2026-05-18 22:09:44,965:INFO:Starting server
Middleware:2026-05-18 22:09:48,023:INFO:Closing server
Middleware:2026-05-18 22:09:50,740:INFO:Starting server
Middleware:2026-05-18 22:09:50,844:INFO:Closing server
Middleware:2026-05-18 22:09:53,482:INFO:Starting server
Middleware:2026-05-18 22:09:53,591:INFO:Closing server
Middleware:2026-05-18 22:09:56,336:INFO:Starting server
Middleware:2026-05-18 22:09:58,463:INFO:Closing server
Middleware:2026-05-18 22:10:45,601:INFO:Starting server
Middleware:2026-05-18 22:10:48,181:INFO:Closing server
Middleware:2026-05-18 22:10:50,855:INFO:Starting server
Middleware:2026-05-18 22:10:51,060:INFO:Closing server
Middleware:2026-05-18 22:10:53,676:INFO:Starting server
Middleware:2026-05-18 22:11:01,311:INFO:Closing server
Middleware:2026-05-18 22:11:04,260:INFO:Starting server
Middleware:2026-05-18 22:11:05,683:INFO:Closing server
Middleware:2026-05-18 22:11:36,971:INFO:Starting server
Middleware:2026-05-18 22:11:37,479:INFO:Closing server
Middleware:2026-05-18 22:11:40,048:INFO:Starting server
Middleware:2026-05-18 22:11:48,479:INFO:Closing server
Middleware:2026-05-18 22:11:51,348:INFO:Starting server
Middleware:2026-05-18 22:11:52,525:INFO:Closing server
Middleware:2026-05-18 22:11:55,294:INFO:Starting server
Middleware:2026-05-18 22:11:55,407:INFO:Closing server
Middleware:2026-05-18 22:11:58,034:INFO:Starting server
Middleware:2026-05-18 22:15:12,493:INFO:Closing server
Middleware:2026-05-18 22:15:15,285:INFO:Starting server
Middleware:2026-05-18 22:15:15,501:INFO:Closing server
Middleware:2026-05-18 22:15:18,124:INFO:Starting server
Middleware:2026-05-18 22:16:00,253:INFO:Closing server
